number,value,state,params_dropout,params_init,params_l2,user_attrs_best_epoch,user_attrs_curve,user_attrs_epochs_run,user_attrs_train_acc_at_best,duration
0,0.8960000276565552,COMPLETE,0.1,he_normal,0.0002481040974867811,18,"[0.8524, 0.8707, 0.8776, 0.8814, 0.8826, 0.8902, 0.8864, 0.8895, 0.8882, 0.89, 0.8906, 0.8933, 0.8943, 0.894, 0.8927, 0.8943, 0.8926, 0.896, 0.894, 0.8939, 0.8921, 0.8948, 0.8945, 0.891, 0.8927, 0.8951]",26,0.8982200026512146,0 days 00:00:25.995235
1,0.8883000016212463,COMPLETE,0.45,he_uniform,0.00025378155082656634,35,"[0.83, 0.8494, 0.8606, 0.8607, 0.8683, 0.8686, 0.8748, 0.8721, 0.871, 0.8697, 0.8776, 0.8798, 0.8771, 0.8752, 0.8783, 0.8784, 0.8762, 0.8819, 0.8808, 0.8804, 0.8819, 0.8817, 0.8829, 0.8806, 0.8785, 0.8855, 0.8828, 0.8794, 0.8803, 0.8856, 0.8832, 0.8814, 0.8831, 0.8814, 0.8883, 0.8826, 0.8799, 0.8861, 0.886, 0.8849]",40,0.8631600141525269,0 days 00:00:39.111996
2,0.901199996471405,COMPLETE,0.1,he_normal,7.068974950624607e-06,34,"[0.8573, 0.873, 0.8778, 0.8839, 0.8869, 0.8883, 0.8891, 0.8882, 0.8882, 0.8908, 0.8909, 0.8906, 0.889, 0.8926, 0.893, 0.89, 0.8914, 0.8937, 0.8922, 0.8916, 0.8883, 0.8969, 0.8948, 0.897, 0.8906, 0.8968, 0.8976, 0.8987, 0.8982, 0.9006, 0.8999, 0.8954, 0.8997, 0.9012, 0.8993, 0.897, 0.9, 0.9005, 0.8964, 0.8998]",40,0.9333400130271912,0 days 00:00:38.896679
3,0.8996999859809875,COMPLETE,0.15000000000000002,he_uniform,5.34293726127978e-05,21,"[0.858, 0.8689, 0.8771, 0.8771, 0.8819, 0.8863, 0.8903, 0.891, 0.8894, 0.891, 0.8938, 0.8933, 0.8943, 0.8966, 0.8959, 0.8938, 0.8941, 0.8937, 0.8972, 0.8996, 0.8997, 0.8973, 0.8992, 0.897, 0.8973, 0.8967, 0.8919, 0.8991, 0.8962]",29,0.9086599946022034,0 days 00:00:28.666940
4,0.8974999785423279,COMPLETE,0.25,glorot_uniform,2.9204338471814107e-05,30,"[0.8513, 0.8663, 0.8738, 0.8778, 0.881, 0.8811, 0.884, 0.887, 0.887, 0.8888, 0.8836, 0.8868, 0.8905, 0.8863, 0.8932, 0.8923, 0.8901, 0.8925, 0.8941, 0.8908, 0.8944, 0.8934, 0.8961, 0.895, 0.8929, 0.8944, 0.8929, 0.8962, 0.8912, 0.8975, 0.8919, 0.8935, 0.894, 0.8971, 0.8942, 0.8926, 0.8971, 0.8937]",38,0.9053999781608582,0 days 00:00:37.157331
5,0.894599974155426,COMPLETE,0.0,glorot_uniform,0.00023423849847112912,23,"[0.8525, 0.8702, 0.8738, 0.876, 0.8793, 0.8848, 0.8857, 0.8809, 0.8844, 0.8815, 0.883, 0.8868, 0.8896, 0.8897, 0.8896, 0.8903, 0.8916, 0.8906, 0.8896, 0.8936, 0.893, 0.8902, 0.8946, 0.8879, 0.893, 0.8913, 0.8897, 0.8865, 0.8927, 0.8928, 0.8933]",31,0.9189800024032593,0 days 00:00:27.699577
6,0.8320000171661377,PRUNED,0.6,glorot_uniform,0.006245139574743076,5,"[0.804, 0.8271, 0.8305, 0.8323, 0.8335, 0.8322, 0.832]",7,0.7769399881362915,0 days 00:00:08.034406
7,0.8809999823570251,PRUNED,0.25,glorot_uniform,0.0005456725485601478,7,"[0.8524, 0.8643, 0.8705, 0.8732, 0.877, 0.8775, 0.881]",7,0.8625400066375732,0 days 00:00:08.132017
8,0.8819000124931335,PRUNED,0.30000000000000004,he_normal,1.0476721102867552e-06,7,"[0.8453, 0.8621, 0.8668, 0.8721, 0.8762, 0.8814, 0.8819]",7,0.8676400184631348,0 days 00:00:08.106116
9,0.8615000247955322,PRUNED,0.4,he_normal,0.0022459009012785625,6,"[0.8321, 0.8497, 0.8518, 0.8563, 0.8555, 0.8632, 0.8615]",7,0.82778000831604,0 days 00:00:07.993449
10,0.8547000288963318,PRUNED,0.6,he_normal,1.5931596269242552e-05,6,"[0.8083, 0.8359, 0.8408, 0.8482, 0.8554, 0.8563, 0.8547]",7,0.8076599836349487,0 days 00:00:08.049365
11,0.88919997215271,PRUNED,0.0,he_normal,1.1256015678236304e-06,9,"[0.854, 0.873, 0.8834, 0.8847, 0.8888, 0.8921, 0.8913, 0.8914, 0.8927, 0.8885, 0.8904, 0.891, 0.8908, 0.891, 0.8892]",15,0.9071800112724304,0 days 00:00:14.222859
12,0.900600016117096,COMPLETE,0.15000000000000002,he_uniform,1.732983251579586e-05,28,"[0.8582, 0.8686, 0.8786, 0.8813, 0.8839, 0.8838, 0.8909, 0.8887, 0.8917, 0.8925, 0.89, 0.8951, 0.8916, 0.8912, 0.8918, 0.8903, 0.8946, 0.8986, 0.8946, 0.8956, 0.8967, 0.8934, 0.8968, 0.8994, 0.8975, 0.8936, 0.897, 0.9006, 0.8944, 0.899, 0.8987, 0.8989, 0.8978, 0.8984, 0.8981, 0.8986]",36,0.9182000160217285,0 days 00:00:35.862128
13,0.8745999932289124,PRUNED,0.4,he_normal,2.2867016951993486e-05,6,"[0.8392, 0.8547, 0.8587, 0.8678, 0.8688, 0.8756, 0.8746]",7,0.8498799800872803,0 days 00:00:08.155639
14,0.9020000100135803,COMPLETE,0.1,he_uniform,3.683510953117825e-06,27,"[0.8555, 0.8698, 0.8781, 0.8824, 0.8856, 0.8882, 0.8894, 0.8883, 0.8942, 0.8911, 0.8911, 0.8963, 0.895, 0.8948, 0.8968, 0.8957, 0.8924, 0.8977, 0.8962, 0.8968, 0.895, 0.8954, 0.8922, 0.8982, 0.8984, 0.8968, 0.902, 0.8984, 0.899, 0.8972, 0.8982, 0.8945, 0.8963, 0.8966, 0.8977]",35,0.9262999892234802,0 days 00:00:34.316680
15,0.8959000110626221,COMPLETE,0.15000000000000002,he_uniform,1.1725860077461905e-06,12,"[0.8585, 0.869, 0.8774, 0.8781, 0.884, 0.8832, 0.8904, 0.8901, 0.8935, 0.8912, 0.8936, 0.8959, 0.8952, 0.8923, 0.8953, 0.8942, 0.8944, 0.8944, 0.8957, 0.8954]",20,0.8956199884414673,0 days 00:00:20.284256
16,0.8910999894142151,PRUNED,0.0,he_uniform,5.922121697983752e-06,8,"[0.8553, 0.8713, 0.8787, 0.8873, 0.8878, 0.8909, 0.8896, 0.8914, 0.8904, 0.8896, 0.8909, 0.8911]",12,0.9018200039863586,0 days 00:00:11.640336
17,0.8998000025749207,COMPLETE,0.05,he_normal,8.574878790035878e-06,18,"[0.8607, 0.8718, 0.8816, 0.8877, 0.8887, 0.891, 0.8908, 0.8943, 0.8942, 0.8911, 0.8933, 0.8937, 0.8967, 0.8832, 0.8925, 0.8938, 0.8928, 0.8998, 0.8956, 0.8956, 0.8953, 0.8979, 0.8959, 0.8937, 0.899, 0.8967]",26,0.9198399782180786,0 days 00:00:26.113732
18,0.8787000179290771,PRUNED,0.35000000000000003,he_normal,5.308256760002746e-06,7,"[0.8461, 0.8606, 0.861, 0.8701, 0.876, 0.8772, 0.8787]",7,0.8599399924278259,0 days 00:00:08.114393
19,0.8913000226020813,PRUNED,0.0,he_uniform,3.744647996749676e-05,12,"[0.8519, 0.8723, 0.8787, 0.8822, 0.8856, 0.8909, 0.8894, 0.8903, 0.8875, 0.8906, 0.889, 0.8913]",12,0.9143400192260742,0 days 00:00:11.652662
20,0.885699987411499,PRUNED,0.2,he_normal,5.8256137644712074e-05,7,"[0.8525, 0.8677, 0.8718, 0.8763, 0.8806, 0.8841, 0.8857]",7,0.875819981098175,0 days 00:00:08.140965
21,0.8826000094413757,PRUNED,0.30000000000000004,he_uniform,5.168110431840968e-06,7,"[0.8462, 0.8687, 0.8716, 0.8764, 0.8794, 0.8798, 0.8826]",7,0.8655999898910522,0 days 00:00:08.147325
22,0.8989999890327454,COMPLETE,0.15000000000000002,he_normal,2.2341631155880165e-06,18,"[0.8543, 0.8671, 0.8748, 0.8807, 0.8839, 0.8879, 0.8899, 0.8883, 0.8896, 0.8921, 0.891, 0.8954, 0.8936, 0.8958, 0.8943, 0.8945, 0.8971, 0.899, 0.8966, 0.8964, 0.8975, 0.8956, 0.8978, 0.8986, 0.8975, 0.8979]",26,0.9067800045013428,0 days 00:00:26.171152
23,0.9024999737739563,COMPLETE,0.15000000000000002,he_uniform,1.0405091433266524e-05,34,"[0.8584, 0.8661, 0.8787, 0.8783, 0.8837, 0.8877, 0.8901, 0.8912, 0.8877, 0.8907, 0.8909, 0.8958, 0.8918, 0.894, 0.8963, 0.8924, 0.8934, 0.8947, 0.8972, 0.8974, 0.8945, 0.8988, 0.8952, 0.8992, 0.8974, 0.8985, 0.8938, 0.8992, 0.9004, 0.8978, 0.8962, 0.8984, 0.8955, 0.9025, 0.8992, 0.8988, 0.9019, 0.8957, 0.8991, 0.8982]",40,0.9209399819374084,0 days 00:00:39.901617
24,0.888700008392334,PRUNED,0.1,glorot_uniform,5.400820052154456e-06,7,"[0.8619, 0.8719, 0.8799, 0.8842, 0.8845, 0.8876, 0.8887]",7,0.8875799775123596,0 days 00:00:08.381465
25,0.8991000056266785,COMPLETE,0.05,he_uniform,2.367486315247717e-06,25,"[0.8599, 0.8731, 0.8765, 0.8846, 0.8894, 0.8886, 0.8908, 0.8854, 0.8915, 0.8918, 0.8934, 0.8947, 0.8917, 0.8939, 0.8918, 0.8941, 0.8967, 0.8953, 0.8949, 0.8963, 0.8983, 0.898, 0.8987, 0.8947, 0.8991, 0.8981, 0.8954, 0.8968, 0.8945, 0.8989, 0.8957, 0.8978, 0.8946]",33,0.9343799948692322,0 days 00:00:33.261095
26,0.8885999917984009,PRUNED,0.1,glorot_uniform,1.9609215440463488e-05,7,"[0.8591, 0.8711, 0.8792, 0.8817, 0.8838, 0.8884, 0.8886]",7,0.8867999911308289,0 days 00:00:08.213265
27,0.8888999819755554,PRUNED,0.05,he_normal,7.072535265289983e-05,5,"[0.86, 0.8729, 0.8792, 0.8871, 0.8894, 0.8878, 0.8889]",7,0.879360020160675,0 days 00:00:08.288029
28,0.8835999965667725,PRUNED,0.25,he_normal,1.198847148097149e-05,6,"[0.8451, 0.8623, 0.8715, 0.8766, 0.8798, 0.8855, 0.8836]",7,0.8670399785041809,0 days 00:00:08.332598
29,0.8805999755859375,PRUNED,0.30000000000000004,he_uniform,5.479145320569751e-05,7,"[0.8469, 0.8632, 0.8734, 0.8753, 0.8785, 0.8804, 0.8806]",7,0.8644199967384338,0 days 00:00:08.328496
